nohup: ignoring input
/home/yancheng/anaconda3/envs/geo/lib/python3.8/site-packages/torch/cuda/__init__.py:80: UserWarning: CUDA initialization: The NVIDIA driver on your system is too old (found version 10010). Please update your GPU driver by downloading and installing a new version from the URL: http://www.nvidia.com/Download/index.aspx Alternatively, go to: https://pytorch.org to install a PyTorch version that has been compiled with your version of the CUDA driver. (Triggered internally at  /opt/conda/conda-bld/pytorch_1639180544224/work/c10/cuda/CUDAFunctions.cpp:112.)
  return torch._C._cuda_getDeviceCount() > 0
cpu
Namespace(alpha=0.03, beta=1, cuda=False, dataset='cora', debug=False, dropout=0.5, edge_hidden=64, epochs=200, hidden=16, label_rate=0.05, lr=0.001, n_n=50, n_p=-1, no_cuda=False, noise='uniform', p_u=0.8, ptb_rate=0.2, seed=12, t_small=0.1, weight_decay=0.0005)
Loading cora dataset...
Selecting 1 largest connected components
Uniform noise
Actual noise 0.16
1433
16
0.5
Optimization Finished!
Total time elapsed: 229.7618s
picking the best model according to validation performance
=====validation set accuracy=======
	Predictor results: loss= 1.2135 accuracy= 0.8434
	GCN classifier results: loss= 1.3054 accuracy= 0.8434
===================================
=====test set accuracy=======
	Predictor results: loss= 1.2535 accuracy= 0.8033
	GCN classifier results: loss= 1.3400 accuracy= 0.8084
===================================
